this is a warning
this is a warning
looping through links
looping through links
looping through links
looping through links
looping through links
looping through links
looping through links
looping through links
looping through links
looping through links
looping through links
looping through links
looping through links
looping through links
looping through links
looping through links
looping through links
looping through links
looping through links
looping through links
looping through links
looping through links
looping through links
looping through links
looping through links
looping through links
looping through links
looping through links
looping through links
looping through links
looping through links
looping through links
looping through links
looping through links
looping through links
looping through links
looping through links
looping through links
looping through links
looping through links
looping through links
looping through links
looping through links
looping through links
looping through links
looping through links
looping through links
looping through links
looping through links
looping through links
looping through links
looping through links
looping through links
looping through links
looping through links
looping through links
looping through links
looping through links
looping through links
looping through links
looping through links
looping through links
looping through links
looping through links
looping through links
looping through links
looping through links
looping through links
looping through links
looping through links
looping through links
looping through links
looping through links
looping through links
looping through links
looping through links
looping through links
looping through links
looping through links
looping through links
looping through links
looping through links
looping through links
looping through links
looping through links
looping through links
looping through links
looping through links
looping through links
looping through links
looping through links
looping through links
looping through links
looping through links
looping through links
looping through links
looping through links
looping through links
looping through links
looping through links
looping through links
looping through links
looping through links
looping through links
looping through links
looping through links
looping through links
looping through links
looping through links
looping through links
looping through links
looping through links
looping through links
looping through links
looping through links
looping through links
looping through links
looping through links
looping through links
looping through links
looping through links
looping through links
looping through links
looping through links
looping through links
looping through links
looping through links
looping through links
looping through links
looping through links
looping through links
this is a warning
this is the link it found: https://download.microsoft.com/download/7/1/D/71D86715-5596-4529-9B13-DA13A5DE5B63/ServiceTags_Public_20220411.json
this is the link it found: https://download.microsoft.com/download/7/1/D/71D86715-5596-4529-9B13-DA13A5DE5B63/ServiceTags_Public_20220411.json
this is the link it found: https://download.microsoft.com/download/7/1/D/71D86715-5596-4529-9B13-DA13A5DE5B63/ServiceTags_Public_20220411.json
error messages
error messages
this is the link it found: https://download.microsoft.com/download/7/1/D/71D86715-5596-4529-9B13-DA13A5DE5B63/ServiceTags_Public_20220411.json
this is the link it found: https://download.microsoft.com/download/7/1/D/71D86715-5596-4529-9B13-DA13A5DE5B63/ServiceTags_Public_20220411.json
2022-04-12 15:18:59,620 - urlLogger - INFO - this is the link it found: https://download.microsoft.com/download/7/1/D/71D86715-5596-4529-9B13-DA13A5DE5B63/ServiceTags_Public_20220411.json
2022-04-12 15:18:59,620 - urlLogger - INFO - this is the link it found: https://download.microsoft.com/download/7/1/D/71D86715-5596-4529-9B13-DA13A5DE5B63/ServiceTags_Public_20220411.json
2022-04-12 18:05:55,641 - urlLogger - INFO - this is the link it found: https://download.microsoft.com/download/7/1/D/71D86715-5596-4529-9B13-DA13A5DE5B63/ServiceTags_Public_20220411.json
2022-04-12 18:05:55,641 - urlLogger - INFO - this is the link it found: https://download.microsoft.com/download/7/1/D/71D86715-5596-4529-9B13-DA13A5DE5B63/ServiceTags_Public_20220411.json
2022-04-12 18:12:14,859 - urlLogger - INFO - this is the link it found: https://download.microsoft.com/download/7/1/D/71D86715-5596-4529-9B13-DA13A5DE5B63/ServiceTags_Public_20220411.json
2022-04-12 18:12:14,859 - urlLogger - INFO - this is the link it found: https://download.microsoft.com/download/7/1/D/71D86715-5596-4529-9B13-DA13A5DE5B63/ServiceTags_Public_20220411.json
2022-04-15 12:21:03,779 - urlLogger - INFO - this is the link it found: https://download.microsoft.com/download/7/1/D/71D86715-5596-4529-9B13-DA13A5DE5B63/ServiceTags_Public_20220411.json
2022-04-15 12:21:03,779 - urlLogger - INFO - this is the link it found: https://download.microsoft.com/download/7/1/D/71D86715-5596-4529-9B13-DA13A5DE5B63/ServiceTags_Public_20220411.json
2022-04-15 12:22:01,297 - urlLogger - INFO - this is the link it found: https://download.microsoft.com/download/7/1/D/71D86715-5596-4529-9B13-DA13A5DE5B63/ServiceTags_Public_20220411.json
2022-04-15 12:22:01,297 - urlLogger - INFO - this is the link it found: https://download.microsoft.com/download/7/1/D/71D86715-5596-4529-9B13-DA13A5DE5B63/ServiceTags_Public_20220411.json
2022-04-15 12:27:42,031 - urlLogger - INFO - this is the link it found: https://download.microsoft.com/download/7/1/D/71D86715-5596-4529-9B13-DA13A5DE5B63/ServiceTags_Public_20220411.json
2022-04-15 12:27:42,031 - urlLogger - INFO - this is the link it found: https://download.microsoft.com/download/7/1/D/71D86715-5596-4529-9B13-DA13A5DE5B63/ServiceTags_Public_20220411.json
2022-04-15 12:28:20,231 - urlLogger - INFO - this is the link it found: https://download.microsoft.com/download/7/1/D/71D86715-5596-4529-9B13-DA13A5DE5B63/ServiceTags_Public_20220411.json
2022-04-15 12:28:20,231 - urlLogger - INFO - this is the link it found: https://download.microsoft.com/download/7/1/D/71D86715-5596-4529-9B13-DA13A5DE5B63/ServiceTags_Public_20220411.json
2022-04-15 12:29:23,240 - urlLogger - INFO - this is the link it found: https://download.microsoft.com/download/7/1/D/71D86715-5596-4529-9B13-DA13A5DE5B63/ServiceTags_Public_20220411.json
2022-04-15 12:29:23,240 - urlLogger - INFO - this is the link it found: https://download.microsoft.com/download/7/1/D/71D86715-5596-4529-9B13-DA13A5DE5B63/ServiceTags_Public_20220411.json
2022-04-25 11:29:54,253 - urlLogger - INFO - this is the link it found: https://download.microsoft.com/download/7/1/D/71D86715-5596-4529-9B13-DA13A5DE5B63/ServiceTags_Public_20220418.json
2022-04-25 11:29:54,253 - urlLogger - INFO - this is the link it found: https://download.microsoft.com/download/7/1/D/71D86715-5596-4529-9B13-DA13A5DE5B63/ServiceTags_Public_20220418.json
2022-04-25 11:40:59,249 - urlLogger - INFO - this is the link it found: https://download.microsoft.com/download/7/1/D/71D86715-5596-4529-9B13-DA13A5DE5B63/ServiceTags_Public_20220418.json
2022-04-25 11:40:59,249 - urlLogger - INFO - this is the link it found: https://download.microsoft.com/download/7/1/D/71D86715-5596-4529-9B13-DA13A5DE5B63/ServiceTags_Public_20220418.json
2022-04-25 11:56:55,637 - urlLogger - INFO - this is the link it found: https://download.microsoft.com/download/7/1/D/71D86715-5596-4529-9B13-DA13A5DE5B63/ServiceTags_Public_20220418.json
2022-04-25 11:56:55,637 - urlLogger - INFO - this is the link it found: https://download.microsoft.com/download/7/1/D/71D86715-5596-4529-9B13-DA13A5DE5B63/ServiceTags_Public_20220418.json
2022-04-25 11:58:13,994 - urlLogger - INFO - this is the link it found: https://download.microsoft.com/download/7/1/D/71D86715-5596-4529-9B13-DA13A5DE5B63/ServiceTags_Public_20220418.json
2022-04-25 11:58:13,994 - urlLogger - INFO - this is the link it found: https://download.microsoft.com/download/7/1/D/71D86715-5596-4529-9B13-DA13A5DE5B63/ServiceTags_Public_20220418.json
2022-04-25 16:14:51,678 - urlLogger - INFO - this is the link it found: https://download.microsoft.com/download/7/1/D/71D86715-5596-4529-9B13-DA13A5DE5B63/ServiceTags_Public_20220418.json
2022-04-25 16:14:51,678 - urlLogger - INFO - this is the link it found: https://download.microsoft.com/download/7/1/D/71D86715-5596-4529-9B13-DA13A5DE5B63/ServiceTags_Public_20220418.json
2022-04-25 16:44:46,567 - urlLogger - INFO - this is the link it found: https://download.microsoft.com/download/7/1/D/71D86715-5596-4529-9B13-DA13A5DE5B63/ServiceTags_Public_20220418.json
2022-04-25 16:44:46,567 - urlLogger - INFO - this is the link it found: https://download.microsoft.com/download/7/1/D/71D86715-5596-4529-9B13-DA13A5DE5B63/ServiceTags_Public_20220418.json
2022-04-25 16:46:35,952 - urlLogger - INFO - this is the link it found: https://download.microsoft.com/download/7/1/D/71D86715-5596-4529-9B13-DA13A5DE5B63/ServiceTags_Public_20220418.json
2022-04-25 16:46:35,952 - urlLogger - INFO - this is the link it found: https://download.microsoft.com/download/7/1/D/71D86715-5596-4529-9B13-DA13A5DE5B63/ServiceTags_Public_20220418.json
2022-04-25 16:48:18,202 - urlLogger - INFO - this is the link it found: https://download.microsoft.com/download/7/1/D/71D86715-5596-4529-9B13-DA13A5DE5B63/ServiceTags_Public_20220418.json
2022-04-25 16:48:18,202 - urlLogger - INFO - this is the link it found: https://download.microsoft.com/download/7/1/D/71D86715-5596-4529-9B13-DA13A5DE5B63/ServiceTags_Public_20220418.json
2022-04-25 16:51:26,954 - urlLogger - INFO - this is the link it found: https://download.microsoft.com/download/7/1/D/71D86715-5596-4529-9B13-DA13A5DE5B63/ServiceTags_Public_20220418.json
2022-04-25 16:51:26,954 - urlLogger - INFO - this is the link it found: https://download.microsoft.com/download/7/1/D/71D86715-5596-4529-9B13-DA13A5DE5B63/ServiceTags_Public_20220418.json
2022-04-25 16:51:28,095 - root - INFO - This is credentials <msrestazure.azure_active_directory.ServicePrincipalCredentials object at 0x7fa44ef5b0d0>
2022-04-25 16:52:41,739 - urlLogger - INFO - this is the link it found: https://download.microsoft.com/download/7/1/D/71D86715-5596-4529-9B13-DA13A5DE5B63/ServiceTags_Public_20220418.json
2022-04-25 16:52:41,739 - urlLogger - INFO - this is the link it found: https://download.microsoft.com/download/7/1/D/71D86715-5596-4529-9B13-DA13A5DE5B63/ServiceTags_Public_20220418.json
2022-04-25 16:52:42,962 - root - INFO - This is credentials <msrestazure.azure_active_directory.ServicePrincipalCredentials object at 0x7fe4a69f5700>
2022-04-25 16:52:42,986 - root - INFO - This is getting access to the storage account
2022-04-26 08:41:25,928 - urlLogger - INFO - this is the link it found: https://download.microsoft.com/download/7/1/D/71D86715-5596-4529-9B13-DA13A5DE5B63/ServiceTags_Public_20220425.json
2022-04-26 08:41:25,928 - urlLogger - INFO - this is the link it found: https://download.microsoft.com/download/7/1/D/71D86715-5596-4529-9B13-DA13A5DE5B63/ServiceTags_Public_20220425.json
2022-04-26 08:41:26,620 - urlLogger - INFO - this is the link it found: https://download.microsoft.com/download/7/1/D/71D86715-5596-4529-9B13-DA13A5DE5B63/ServiceTags_Public_20220425.json
2022-04-26 08:41:26,620 - urlLogger - INFO - this is the link it found: https://download.microsoft.com/download/7/1/D/71D86715-5596-4529-9B13-DA13A5DE5B63/ServiceTags_Public_20220425.json
2022-04-26 08:41:27,186 - urlLogger - INFO - this is the link it found: https://download.microsoft.com/download/7/1/D/71D86715-5596-4529-9B13-DA13A5DE5B63/ServiceTags_Public_20220425.json
2022-04-26 08:41:27,186 - urlLogger - INFO - this is the link it found: https://download.microsoft.com/download/7/1/D/71D86715-5596-4529-9B13-DA13A5DE5B63/ServiceTags_Public_20220425.json
2022-04-26 08:43:38,060 - urlLogger - INFO - this is the link it found: https://download.microsoft.com/download/7/1/D/71D86715-5596-4529-9B13-DA13A5DE5B63/ServiceTags_Public_20220425.json
2022-04-26 08:43:38,060 - urlLogger - INFO - this is the link it found: https://download.microsoft.com/download/7/1/D/71D86715-5596-4529-9B13-DA13A5DE5B63/ServiceTags_Public_20220425.json
2022-04-26 08:43:38,487 - urlLogger - INFO - this is the link it found: https://download.microsoft.com/download/7/1/D/71D86715-5596-4529-9B13-DA13A5DE5B63/ServiceTags_Public_20220425.json
2022-04-26 08:43:38,487 - urlLogger - INFO - this is the link it found: https://download.microsoft.com/download/7/1/D/71D86715-5596-4529-9B13-DA13A5DE5B63/ServiceTags_Public_20220425.json
2022-04-26 08:43:39,023 - urlLogger - INFO - this is the link it found: https://download.microsoft.com/download/7/1/D/71D86715-5596-4529-9B13-DA13A5DE5B63/ServiceTags_Public_20220425.json
2022-04-26 08:43:39,023 - urlLogger - INFO - this is the link it found: https://download.microsoft.com/download/7/1/D/71D86715-5596-4529-9B13-DA13A5DE5B63/ServiceTags_Public_20220425.json
2022-04-26 08:44:42,735 - urlLogger - INFO - this is the link it found: https://download.microsoft.com/download/7/1/D/71D86715-5596-4529-9B13-DA13A5DE5B63/ServiceTags_Public_20220425.json
2022-04-26 08:44:42,735 - urlLogger - INFO - this is the link it found: https://download.microsoft.com/download/7/1/D/71D86715-5596-4529-9B13-DA13A5DE5B63/ServiceTags_Public_20220425.json
2022-04-26 08:44:43,391 - urlLogger - INFO - this is the link it found: https://download.microsoft.com/download/7/1/D/71D86715-5596-4529-9B13-DA13A5DE5B63/ServiceTags_Public_20220425.json
2022-04-26 08:44:43,391 - urlLogger - INFO - this is the link it found: https://download.microsoft.com/download/7/1/D/71D86715-5596-4529-9B13-DA13A5DE5B63/ServiceTags_Public_20220425.json
2022-04-26 08:44:43,997 - urlLogger - INFO - this is the link it found: https://download.microsoft.com/download/7/1/D/71D86715-5596-4529-9B13-DA13A5DE5B63/ServiceTags_Public_20220425.json
2022-04-26 08:44:43,997 - urlLogger - INFO - this is the link it found: https://download.microsoft.com/download/7/1/D/71D86715-5596-4529-9B13-DA13A5DE5B63/ServiceTags_Public_20220425.json
2022-04-26 08:46:40,700 - urlLogger - INFO - this is the link it found: https://download.microsoft.com/download/7/1/D/71D86715-5596-4529-9B13-DA13A5DE5B63/ServiceTags_Public_20220425.json
2022-04-26 08:46:40,700 - urlLogger - INFO - this is the link it found: https://download.microsoft.com/download/7/1/D/71D86715-5596-4529-9B13-DA13A5DE5B63/ServiceTags_Public_20220425.json
2022-04-26 08:46:41,145 - urlLogger - INFO - this is the link it found: https://download.microsoft.com/download/7/1/D/71D86715-5596-4529-9B13-DA13A5DE5B63/ServiceTags_Public_20220425.json
2022-04-26 08:46:41,145 - urlLogger - INFO - this is the link it found: https://download.microsoft.com/download/7/1/D/71D86715-5596-4529-9B13-DA13A5DE5B63/ServiceTags_Public_20220425.json
2022-04-26 08:46:41,598 - urlLogger - INFO - this is the link it found: https://download.microsoft.com/download/7/1/D/71D86715-5596-4529-9B13-DA13A5DE5B63/ServiceTags_Public_20220425.json
2022-04-26 08:46:41,598 - urlLogger - INFO - this is the link it found: https://download.microsoft.com/download/7/1/D/71D86715-5596-4529-9B13-DA13A5DE5B63/ServiceTags_Public_20220425.json
2022-04-26 08:47:45,217 - urlLogger - INFO - this is the link it found: https://download.microsoft.com/download/7/1/D/71D86715-5596-4529-9B13-DA13A5DE5B63/ServiceTags_Public_20220425.json
2022-04-26 08:47:45,217 - urlLogger - INFO - this is the link it found: https://download.microsoft.com/download/7/1/D/71D86715-5596-4529-9B13-DA13A5DE5B63/ServiceTags_Public_20220425.json
2022-04-26 08:47:45,665 - urlLogger - INFO - this is the link it found: https://download.microsoft.com/download/7/1/D/71D86715-5596-4529-9B13-DA13A5DE5B63/ServiceTags_Public_20220425.json
2022-04-26 08:47:45,665 - urlLogger - INFO - this is the link it found: https://download.microsoft.com/download/7/1/D/71D86715-5596-4529-9B13-DA13A5DE5B63/ServiceTags_Public_20220425.json
2022-04-26 08:47:46,095 - urlLogger - INFO - this is the link it found: https://download.microsoft.com/download/7/1/D/71D86715-5596-4529-9B13-DA13A5DE5B63/ServiceTags_Public_20220425.json
2022-04-26 08:47:46,095 - urlLogger - INFO - this is the link it found: https://download.microsoft.com/download/7/1/D/71D86715-5596-4529-9B13-DA13A5DE5B63/ServiceTags_Public_20220425.json
2022-04-26 08:48:28,076 - urlLogger - INFO - this is the link it found: https://download.microsoft.com/download/7/1/D/71D86715-5596-4529-9B13-DA13A5DE5B63/ServiceTags_Public_20220425.json
2022-04-26 08:48:28,076 - urlLogger - INFO - this is the link it found: https://download.microsoft.com/download/7/1/D/71D86715-5596-4529-9B13-DA13A5DE5B63/ServiceTags_Public_20220425.json
2022-04-26 08:48:28,625 - urlLogger - INFO - this is the link it found: https://download.microsoft.com/download/7/1/D/71D86715-5596-4529-9B13-DA13A5DE5B63/ServiceTags_Public_20220425.json
2022-04-26 08:48:28,625 - urlLogger - INFO - this is the link it found: https://download.microsoft.com/download/7/1/D/71D86715-5596-4529-9B13-DA13A5DE5B63/ServiceTags_Public_20220425.json
2022-04-26 08:48:29,182 - urlLogger - INFO - this is the link it found: https://download.microsoft.com/download/7/1/D/71D86715-5596-4529-9B13-DA13A5DE5B63/ServiceTags_Public_20220425.json
2022-04-26 08:48:29,182 - urlLogger - INFO - this is the link it found: https://download.microsoft.com/download/7/1/D/71D86715-5596-4529-9B13-DA13A5DE5B63/ServiceTags_Public_20220425.json
2022-04-26 08:49:17,540 - urlLogger - INFO - this is the link it found: https://download.microsoft.com/download/7/1/D/71D86715-5596-4529-9B13-DA13A5DE5B63/ServiceTags_Public_20220425.json
2022-04-26 08:49:17,540 - urlLogger - INFO - this is the link it found: https://download.microsoft.com/download/7/1/D/71D86715-5596-4529-9B13-DA13A5DE5B63/ServiceTags_Public_20220425.json
2022-04-26 08:49:17,975 - urlLogger - INFO - this is the link it found: https://download.microsoft.com/download/7/1/D/71D86715-5596-4529-9B13-DA13A5DE5B63/ServiceTags_Public_20220425.json
2022-04-26 08:49:17,975 - urlLogger - INFO - this is the link it found: https://download.microsoft.com/download/7/1/D/71D86715-5596-4529-9B13-DA13A5DE5B63/ServiceTags_Public_20220425.json
2022-04-26 08:49:18,379 - urlLogger - INFO - this is the link it found: https://download.microsoft.com/download/7/1/D/71D86715-5596-4529-9B13-DA13A5DE5B63/ServiceTags_Public_20220425.json
2022-04-26 08:49:18,379 - urlLogger - INFO - this is the link it found: https://download.microsoft.com/download/7/1/D/71D86715-5596-4529-9B13-DA13A5DE5B63/ServiceTags_Public_20220425.json
2022-04-26 08:50:56,778 - urlLogger - INFO - this is the link it found: https://download.microsoft.com/download/7/1/D/71D86715-5596-4529-9B13-DA13A5DE5B63/ServiceTags_Public_20220425.json
2022-04-26 08:50:56,778 - urlLogger - INFO - this is the link it found: https://download.microsoft.com/download/7/1/D/71D86715-5596-4529-9B13-DA13A5DE5B63/ServiceTags_Public_20220425.json
2022-04-26 08:51:37,504 - urlLogger - INFO - this is the link it found: https://download.microsoft.com/download/7/1/D/71D86715-5596-4529-9B13-DA13A5DE5B63/ServiceTags_Public_20220425.json
2022-04-26 08:51:37,504 - urlLogger - INFO - this is the link it found: https://download.microsoft.com/download/7/1/D/71D86715-5596-4529-9B13-DA13A5DE5B63/ServiceTags_Public_20220425.json
2022-04-26 08:51:38,293 - urlLogger - INFO - This is the first ip from the ranges13.73.248.4/31
2022-04-26 08:51:38,293 - urlLogger - INFO - This is the first ip from the ranges13.73.248.4/31
2022-04-26 08:57:06,376 - urlLogger - INFO - this is the link it found: https://download.microsoft.com/download/7/1/D/71D86715-5596-4529-9B13-DA13A5DE5B63/ServiceTags_Public_20220425.json
2022-04-26 08:57:06,376 - urlLogger - INFO - this is the link it found: https://download.microsoft.com/download/7/1/D/71D86715-5596-4529-9B13-DA13A5DE5B63/ServiceTags_Public_20220425.json
2022-04-26 08:57:07,063 - urlLogger - INFO - This is the first ip from the ranges 13.73.248.4/31
2022-04-26 08:57:07,063 - urlLogger - INFO - This is the first ip from the ranges 13.73.248.4/31
2022-04-26 08:57:30,860 - urlLogger - INFO - this is the link it found: https://download.microsoft.com/download/7/1/D/71D86715-5596-4529-9B13-DA13A5DE5B63/ServiceTags_Public_20220425.json
2022-04-26 08:57:30,860 - urlLogger - INFO - this is the link it found: https://download.microsoft.com/download/7/1/D/71D86715-5596-4529-9B13-DA13A5DE5B63/ServiceTags_Public_20220425.json
2022-04-26 08:57:31,528 - urlLogger - INFO - This is the first ip from the ranges 13.73.248.4/31
2022-04-26 08:57:31,528 - urlLogger - INFO - This is the first ip from the ranges 13.73.248.4/31
2022-04-26 08:57:32,055 - root - INFO - This is credentials <msrestazure.azure_active_directory.ServicePrincipalCredentials object at 0x7f9d196139a0>
2022-04-26 08:57:32,068 - root - INFO - This is getting access to the storage account
2022-04-26 09:15:57,527 - urlLogger - INFO - this is the link it found: https://download.microsoft.com/download/7/1/D/71D86715-5596-4529-9B13-DA13A5DE5B63/ServiceTags_Public_20220425.json
2022-04-26 09:15:57,527 - urlLogger - INFO - this is the link it found: https://download.microsoft.com/download/7/1/D/71D86715-5596-4529-9B13-DA13A5DE5B63/ServiceTags_Public_20220425.json
2022-04-26 09:15:58,084 - urlLogger - INFO - This is the first ip from the ranges 13.73.248.4/31
2022-04-26 09:15:58,084 - urlLogger - INFO - This is the first ip from the ranges 13.73.248.4/31
2022-04-26 09:15:58,605 - root - INFO - This is credentials <msrestazure.azure_active_directory.ServicePrincipalCredentials object at 0x7fd0c60edee0>
2022-04-26 09:15:58,625 - root - INFO - This is getting access to the storage account
2022-04-26 09:19:15,548 - urlLogger - INFO - this is the link it found: https://download.microsoft.com/download/7/1/D/71D86715-5596-4529-9B13-DA13A5DE5B63/ServiceTags_Public_20220425.json
2022-04-26 09:19:15,548 - urlLogger - INFO - this is the link it found: https://download.microsoft.com/download/7/1/D/71D86715-5596-4529-9B13-DA13A5DE5B63/ServiceTags_Public_20220425.json
2022-04-26 09:19:16,277 - urlLogger - INFO - This is the first ip from the ranges 13.73.248.4/31
2022-04-26 09:19:16,277 - urlLogger - INFO - This is the first ip from the ranges 13.73.248.4/31
2022-04-26 09:19:16,811 - root - INFO - This is credentials <msrestazure.azure_active_directory.ServicePrincipalCredentials object at 0x7f9c776b0dc0>
2022-04-26 09:19:16,831 - root - INFO - This is getting access to the storage account
2022-04-26 09:23:41,930 - urlLogger - INFO - this is the link it found: https://download.microsoft.com/download/7/1/D/71D86715-5596-4529-9B13-DA13A5DE5B63/ServiceTags_Public_20220425.json
2022-04-26 09:23:41,930 - urlLogger - INFO - this is the link it found: https://download.microsoft.com/download/7/1/D/71D86715-5596-4529-9B13-DA13A5DE5B63/ServiceTags_Public_20220425.json
2022-04-26 09:23:42,511 - urlLogger - INFO - This is the first ip from the ranges 13.73.248.4/31
2022-04-26 09:23:42,511 - urlLogger - INFO - This is the first ip from the ranges 13.73.248.4/31
2022-04-26 09:23:43,045 - root - INFO - This is credentials <msrestazure.azure_active_directory.ServicePrincipalCredentials object at 0x7eff6dad1e50>
2022-04-26 09:23:43,065 - root - INFO - This is getting access to the storage account
2022-04-26 09:25:45,515 - urlLogger - INFO - this is the link it found: https://download.microsoft.com/download/7/1/D/71D86715-5596-4529-9B13-DA13A5DE5B63/ServiceTags_Public_20220425.json
2022-04-26 09:25:45,515 - urlLogger - INFO - this is the link it found: https://download.microsoft.com/download/7/1/D/71D86715-5596-4529-9B13-DA13A5DE5B63/ServiceTags_Public_20220425.json
2022-04-26 09:25:46,082 - urlLogger - INFO - This is the first ip from the ranges 13.73.248.4/31
2022-04-26 09:25:46,082 - urlLogger - INFO - This is the first ip from the ranges 13.73.248.4/31
2022-04-26 09:25:46,494 - root - INFO - This is credentials <msrestazure.azure_active_directory.ServicePrincipalCredentials object at 0x7f5a0eb20400>
2022-04-26 09:27:20,127 - urlLogger - INFO - this is the link it found: https://download.microsoft.com/download/7/1/D/71D86715-5596-4529-9B13-DA13A5DE5B63/ServiceTags_Public_20220425.json
2022-04-26 09:27:20,127 - urlLogger - INFO - this is the link it found: https://download.microsoft.com/download/7/1/D/71D86715-5596-4529-9B13-DA13A5DE5B63/ServiceTags_Public_20220425.json
2022-04-26 09:27:20,691 - urlLogger - INFO - This is the first ip from the ranges 13.73.248.4/31
2022-04-26 09:27:20,691 - urlLogger - INFO - This is the first ip from the ranges 13.73.248.4/31
2022-04-26 09:27:21,167 - root - INFO - This is credentials <msrestazure.azure_active_directory.ServicePrincipalCredentials object at 0x7fecd8e3b580>
2022-04-26 09:27:21,174 - root - INFO - This is the ip Series([], Name: CIDR, dtype: object)
2022-04-26 09:29:34,088 - urlLogger - INFO - this is the link it found: https://download.microsoft.com/download/7/1/D/71D86715-5596-4529-9B13-DA13A5DE5B63/ServiceTags_Public_20220425.json
2022-04-26 09:29:34,088 - urlLogger - INFO - this is the link it found: https://download.microsoft.com/download/7/1/D/71D86715-5596-4529-9B13-DA13A5DE5B63/ServiceTags_Public_20220425.json
2022-04-26 09:29:34,812 - urlLogger - INFO - This is the first ip from the ranges 13.73.248.4/31
2022-04-26 09:29:34,812 - urlLogger - INFO - This is the first ip from the ranges 13.73.248.4/31
2022-04-26 09:30:43,252 - urlLogger - INFO - this is the link it found: https://download.microsoft.com/download/7/1/D/71D86715-5596-4529-9B13-DA13A5DE5B63/ServiceTags_Public_20220425.json
2022-04-26 09:30:43,252 - urlLogger - INFO - this is the link it found: https://download.microsoft.com/download/7/1/D/71D86715-5596-4529-9B13-DA13A5DE5B63/ServiceTags_Public_20220425.json
2022-04-26 09:30:43,837 - urlLogger - INFO - This is the first ip from the ranges 13.73.248.4/31
2022-04-26 09:30:43,837 - urlLogger - INFO - This is the first ip from the ranges 13.73.248.4/31
2022-04-26 09:30:44,308 - root - INFO - This is credentials <msrestazure.azure_active_directory.ServicePrincipalCredentials object at 0x7f1d2d191f10>
2022-04-26 09:30:44,329 - root - INFO - This is the ip Series([], Name: CIDR, dtype: object)
2022-04-26 09:32:56,939 - urlLogger - INFO - this is the link it found: https://download.microsoft.com/download/7/1/D/71D86715-5596-4529-9B13-DA13A5DE5B63/ServiceTags_Public_20220425.json
2022-04-26 09:32:56,939 - urlLogger - INFO - this is the link it found: https://download.microsoft.com/download/7/1/D/71D86715-5596-4529-9B13-DA13A5DE5B63/ServiceTags_Public_20220425.json
2022-04-26 09:32:57,523 - urlLogger - INFO - This is the first ip from the ranges 13.73.248.4/31
2022-04-26 09:32:57,523 - urlLogger - INFO - This is the first ip from the ranges 13.73.248.4/31
2022-04-26 09:34:35,026 - root - INFO - This is credentials <msrestazure.azure_active_directory.ServicePrincipalCredentials object at 0x7fb1463dc160>
2022-04-26 09:34:35,034 - root - INFO - This is the ip 0           20.37.156.200/30
0           20.37.156.240/28
0             20.37.157.0/29
0            20.37.157.16/28
0            20.37.157.32/27
0            20.40.230.60/30
0           20.45.192.122/31
0           20.45.192.124/31
0           20.45.192.208/30
0           20.45.192.216/29
0           20.45.192.224/28
0            20.45.242.48/29
0             20.46.15.56/30
0            20.98.145.48/28
0            20.98.145.64/30
0           20.98.145.112/29
0             20.98.146.0/27
0     2603:1030:f:1::620/123
0     2603:1030:f:1::640/122
0         2603:1030:10::/122
0       2603:1030:10::40/123
0    2603:1030:10:1::5e0/123
0    2603:1030:10:1::600/122
Name: CIDR, dtype: object
2022-04-26 09:34:35,034 - root - INFO - got here inside the loop
2022-04-26 09:34:35,034 - root - INFO - got here inside the loop
2022-04-26 09:34:35,035 - root - INFO - got here inside the loop
2022-04-26 09:34:35,035 - root - INFO - got here inside the loop
2022-04-26 09:34:35,035 - root - INFO - got here inside the loop
2022-04-26 09:34:35,035 - root - INFO - got here inside the loop
2022-04-26 09:34:35,035 - root - INFO - got here inside the loop
2022-04-26 09:34:35,036 - root - INFO - got here inside the loop
2022-04-26 09:34:35,036 - root - INFO - got here inside the loop
2022-04-26 09:34:35,036 - root - INFO - got here inside the loop
2022-04-26 09:34:35,036 - root - INFO - got here inside the loop
2022-04-26 09:34:35,036 - root - INFO - got here inside the loop
2022-04-26 09:34:35,036 - root - INFO - got here inside the loop
2022-04-26 09:34:35,037 - root - INFO - got here inside the loop
2022-04-26 09:34:35,037 - root - INFO - got here inside the loop
2022-04-26 09:34:35,037 - root - INFO - got here inside the loop
2022-04-26 09:34:35,037 - root - INFO - got here inside the loop
2022-04-26 09:34:35,038 - root - INFO - got here inside the loop
2022-04-26 09:34:35,038 - root - INFO - got here inside the loop
2022-04-26 09:34:35,038 - root - INFO - got here inside the loop
2022-04-26 09:34:35,038 - root - INFO - got here inside the loop
2022-04-26 09:34:35,038 - root - INFO - got here inside the loop
2022-04-26 09:34:35,039 - root - INFO - got here inside the loop
2022-04-26 09:46:03,963 - urlLogger - INFO - this is the link it found: https://download.microsoft.com/download/7/1/D/71D86715-5596-4529-9B13-DA13A5DE5B63/ServiceTags_Public_20220425.json
2022-04-26 09:46:03,963 - urlLogger - INFO - this is the link it found: https://download.microsoft.com/download/7/1/D/71D86715-5596-4529-9B13-DA13A5DE5B63/ServiceTags_Public_20220425.json
2022-04-26 09:46:05,988 - urlLogger - INFO - This is the first ip from the ranges 13.73.248.4/31
2022-04-26 09:46:05,988 - urlLogger - INFO - This is the first ip from the ranges 13.73.248.4/31
2022-04-26 09:47:37,792 - root - INFO - This is credentials <azure.identity._credentials.client_secret.ClientSecretCredential object at 0x7f2cb2d02670>
2022-04-26 09:47:37,817 - root - INFO - This is the ip 0           20.37.156.200/30
0           20.37.156.240/28
0             20.37.157.0/29
0            20.37.157.16/28
0            20.37.157.32/27
0            20.40.230.60/30
0           20.45.192.122/31
0           20.45.192.124/31
0           20.45.192.208/30
0           20.45.192.216/29
0           20.45.192.224/28
0            20.45.242.48/29
0             20.46.15.56/30
0            20.98.145.48/28
0            20.98.145.64/30
0           20.98.145.112/29
0             20.98.146.0/27
0     2603:1030:f:1::620/123
0     2603:1030:f:1::640/122
0         2603:1030:10::/122
0       2603:1030:10::40/123
0    2603:1030:10:1::5e0/123
0    2603:1030:10:1::600/122
Name: CIDR, dtype: object
2022-04-26 09:47:37,818 - root - INFO - got here inside the loop
2022-04-26 09:47:37,818 - root - INFO - got here inside the loop
2022-04-26 09:47:37,819 - root - INFO - got here inside the loop
2022-04-26 09:47:37,820 - root - INFO - got here inside the loop
2022-04-26 09:47:37,820 - root - INFO - got here inside the loop
2022-04-26 09:47:37,821 - root - INFO - got here inside the loop
2022-04-26 09:47:37,822 - root - INFO - got here inside the loop
2022-04-26 09:47:37,822 - root - INFO - got here inside the loop
2022-04-26 09:47:37,823 - root - INFO - got here inside the loop
2022-04-26 09:47:37,823 - root - INFO - got here inside the loop
2022-04-26 09:47:37,824 - root - INFO - got here inside the loop
2022-04-26 09:47:37,824 - root - INFO - got here inside the loop
2022-04-26 09:47:37,825 - root - INFO - got here inside the loop
2022-04-26 09:47:37,825 - root - INFO - got here inside the loop
2022-04-26 09:47:37,826 - root - INFO - got here inside the loop
2022-04-26 09:47:37,826 - root - INFO - got here inside the loop
2022-04-26 09:47:37,827 - root - INFO - got here inside the loop
2022-04-26 09:47:37,827 - root - INFO - got here inside the loop
2022-04-26 09:47:37,827 - root - INFO - got here inside the loop
2022-04-26 09:47:37,828 - root - INFO - got here inside the loop
2022-04-26 09:47:37,828 - root - INFO - got here inside the loop
2022-04-26 09:47:37,828 - root - INFO - got here inside the loop
2022-04-26 09:47:37,828 - root - INFO - got here inside the loop
2022-04-26 09:47:37,843 - azure.core.pipeline.policies.http_logging_policy - INFO - Request URL: 'https://login.microsoftonline.com/72f988bf-86f1-41af-91ab-2d7cd011db47/v2.0/.well-known/openid-configuration'
Request method: 'GET'
Request headers:
    'User-Agent': 'azsdk-python-identity/1.9.0 Python/3.8.13 (Linux-5.10.102.1-microsoft-standard-WSL2-x86_64-with-glibc2.17)'
No body was attached to the request
2022-04-26 09:47:38,033 - azure.core.pipeline.policies.http_logging_policy - INFO - Response status: 200
Response headers:
    'Cache-Control': 'max-age=86400, private'
    'Content-Type': 'application/json; charset=utf-8'
    'Strict-Transport-Security': 'REDACTED'
    'X-Content-Type-Options': 'REDACTED'
    'Access-Control-Allow-Origin': 'REDACTED'
    'Access-Control-Allow-Methods': 'REDACTED'
    'P3P': 'REDACTED'
    'x-ms-request-id': '9dccce17-e047-41cd-8b91-97725abd1700'
    'x-ms-ests-server': 'REDACTED'
    'X-XSS-Protection': 'REDACTED'
    'Set-Cookie': 'REDACTED'
    'Date': 'Tue, 26 Apr 2022 13:47:35 GMT'
    'Content-Length': '1753'
2022-04-26 09:47:38,037 - azure.core.pipeline.policies.http_logging_policy - INFO - Request URL: 'https://login.microsoftonline.com/common/discovery/instance?api-version=REDACTED&authorization_endpoint=REDACTED'
Request method: 'GET'
Request headers:
    'Accept': 'application/json'
    'User-Agent': 'azsdk-python-identity/1.9.0 Python/3.8.13 (Linux-5.10.102.1-microsoft-standard-WSL2-x86_64-with-glibc2.17)'
No body was attached to the request
2022-04-26 09:47:38,125 - azure.core.pipeline.policies.http_logging_policy - INFO - Response status: 200
Response headers:
    'Cache-Control': 'max-age=86400, private'
    'Content-Type': 'application/json; charset=utf-8'
    'Strict-Transport-Security': 'REDACTED'
    'X-Content-Type-Options': 'REDACTED'
    'Access-Control-Allow-Origin': 'REDACTED'
    'Access-Control-Allow-Methods': 'REDACTED'
    'P3P': 'REDACTED'
    'x-ms-request-id': 'ce14e637-3d7f-46fb-b648-78c6c8a2dd00'
    'x-ms-ests-server': 'REDACTED'
    'X-XSS-Protection': 'REDACTED'
    'Set-Cookie': 'REDACTED'
    'Date': 'Tue, 26 Apr 2022 13:47:36 GMT'
    'Content-Length': '945'
2022-04-26 09:47:38,126 - azure.core.pipeline.policies.http_logging_policy - INFO - Request URL: 'https://login.microsoftonline.com/72f988bf-86f1-41af-91ab-2d7cd011db47/oauth2/v2.0/token'
Request method: 'POST'
Request headers:
    'Accept': 'application/json'
    'x-client-sku': 'REDACTED'
    'x-client-ver': 'REDACTED'
    'x-client-os': 'REDACTED'
    'x-client-cpu': 'REDACTED'
    'x-ms-lib-capability': 'REDACTED'
    'client-request-id': 'REDACTED'
    'x-client-current-telemetry': 'REDACTED'
    'x-client-last-telemetry': 'REDACTED'
    'User-Agent': 'azsdk-python-identity/1.9.0 Python/3.8.13 (Linux-5.10.102.1-microsoft-standard-WSL2-x86_64-with-glibc2.17)'
A body is sent with the request
2022-04-26 09:47:38,227 - azure.core.pipeline.policies.http_logging_policy - INFO - Response status: 200
Response headers:
    'Cache-Control': 'no-store, no-cache'
    'Pragma': 'no-cache'
    'Content-Type': 'application/json; charset=utf-8'
    'Expires': '-1'
    'Strict-Transport-Security': 'REDACTED'
    'X-Content-Type-Options': 'REDACTED'
    'P3P': 'REDACTED'
    'client-request-id': 'REDACTED'
    'x-ms-request-id': '3f0aaef6-2889-4437-8fe7-f1c9d2081800'
    'x-ms-ests-server': 'REDACTED'
    'x-ms-clitelem': 'REDACTED'
    'X-XSS-Protection': 'REDACTED'
    'Set-Cookie': 'REDACTED'
    'Date': 'Tue, 26 Apr 2022 13:47:36 GMT'
    'Content-Length': '1412'
2022-04-26 09:47:38,228 - azure.core.pipeline.policies.http_logging_policy - INFO - Request URL: 'https://management.azure.com/subscriptions/af3877c2-18a2-4ce2-b67c-a8e21e968128/resourceGroups/ecolab-rg/providers/Microsoft.Storage/storageAccounts/ecolabgen2?api-version=REDACTED'
Request method: 'PATCH'
Request headers:
    'Content-Type': 'application/json'
    'Content-Length': '1024'
    'Accept': 'application/json'
    'x-ms-client-request-id': '6f219b22-c567-11ec-847b-00155d20e412'
    'User-Agent': 'azsdk-python-azure-mgmt-storage/20.0.0 Python/3.8.13 (Linux-5.10.102.1-microsoft-standard-WSL2-x86_64-with-glibc2.17)'
    'Authorization': 'REDACTED'
A body is sent with the request
2022-04-26 09:47:39,640 - azure.core.pipeline.policies.http_logging_policy - INFO - Response status: 200
Response headers:
    'Cache-Control': 'no-cache'
    'Pragma': 'no-cache'
    'Transfer-Encoding': 'chunked'
    'Content-Type': 'application/json'
    'Content-Encoding': 'REDACTED'
    'Expires': '-1'
    'Vary': 'REDACTED'
    'x-ms-request-id': 'b4dc8c9c-91a9-4a6d-ac1f-70d87b54910b'
    'Strict-Transport-Security': 'REDACTED'
    'Server': 'Microsoft-Azure-Storage-Resource-Provider/1.0,Microsoft-HTTPAPI/2.0 Microsoft-HTTPAPI/2.0'
    'x-ms-ratelimit-remaining-subscription-writes': '1199'
    'x-ms-correlation-request-id': 'REDACTED'
    'x-ms-routing-request-id': 'REDACTED'
    'X-Content-Type-Options': 'REDACTED'
    'Date': 'Tue, 26 Apr 2022 13:47:38 GMT'
